<?xml version="1.0" encoding="UTF-8"?>
<!-- Generated by org.testng.reporters.JUnitReportReporter -->
<testsuite hostname="LAPTOP-EGEB09FU" failures="0" tests="1" name="piit.AutomationTrainingProgram.Browsered" time="0.417" errors="0" timestamp="2022-05-10T22:01:03 EDT" skipped="0">
  <testcase classname="piit.AutomationTrainingProgram.Browsered" name="f" time="0.417"/>
  <system-out/>
</testsuite> <!-- piit.AutomationTrainingProgram.Browsered -->
