<?xml version="1.0" encoding="UTF-8"?>
<!-- Generated by org.testng.reporters.JUnitReportReporter -->
<testsuite hostname="LAPTOP-EGEB09FU" failures="0" tests="2" name="piit.AutomationTrainingProgram.NewTestngClass" time="0.007" errors="0" timestamp="2022-05-08T12:54:42 EDT" skipped="0">
  <testcase classname="piit.AutomationTrainingProgram.NewTestngClass" name="Test2" time="0.006"/>
  <system-out/>
  <testcase classname="piit.AutomationTrainingProgram.NewTestngClass" name="f" time="0.001"/>
  <system-out/>
</testsuite> <!-- piit.AutomationTrainingProgram.NewTestngClass -->
