<?xml version="1.0" encoding="UTF-8"?>
<!-- Generated by org.testng.reporters.JUnitReportReporter -->
<testsuite hostname="LAPTOP-EGEB09FU" failures="0" tests="2" name="piit.AutomationTrainingProgram.TestNgTraining" time="0.006" errors="0" timestamp="2022-04-26T22:29:52 EDT" skipped="0">
  <testcase classname="piit.AutomationTrainingProgram.TestNgTraining" name="Test2" time="0.004"/>
  <system-out/>
  <testcase classname="piit.AutomationTrainingProgram.TestNgTraining" name="f" time="0.002"/>
  <system-out/>
</testsuite> <!-- piit.AutomationTrainingProgram.TestNgTraining -->
